  Interpreter.cpp
Interpreter.cpp(107): warning C4018: '<': signed/unsigned mismatch
Interpreter.cpp(157): warning C4018: '<': signed/unsigned mismatch
Interpreter.cpp(182): warning C4018: '<': signed/unsigned mismatch
Interpreter.cpp(236): warning C4018: '<': signed/unsigned mismatch
Interpreter.cpp(210): warning C4101: 'result': unreferenced local variable
  main.cpp
main.cpp(16): warning C4244: 'argument': conversion from 'time_t' to 'unsigned int', possible loss of data
  Prisoner.cpp
  StrategyGenerator.cpp
StrategyGenerator.cpp(45): warning C4018: '<': signed/unsigned mismatch
  Tournament.cpp
Tournament.cpp(41): warning C4018: '<': signed/unsigned mismatch
Tournament.cpp(101): warning C4018: '<': signed/unsigned mismatch
Tournament.cpp(102): warning C4018: '<': signed/unsigned mismatch
  UserInterface.cpp
UserInterface.cpp(25): warning C4018: '<=': signed/unsigned mismatch
  Generating code
  1179 of 1184 functions (99.6%) were compiled, the rest were copied from previous compilation.
    1082 functions were new in current compilation
    2 functions had inline decision re-evaluated but remain unchanged
  Finished generating code
  PrisonersDilemmaSim.vcxproj -> C:\Users\B4027488\GitHub\PrisonersDilemmaSim\Release\PrisonersDilemmaSim.exe
